0 info it worked if it ends with ok
1 verbose cli [ 'node', '/usr/local/bin/npm', 'update', '-g', 'yeoman' ]
2 info using npm@1.1.33
3 info using node@v0.8.1
4 verbose config file /Users/henrik/.npmrc
5 verbose config file /usr/local/etc/npmrc
6 verbose config file /usr/local/lib/node_modules/npm/npmrc
7 verbose read json /usr/local/lib/package.json
8 verbose read json /usr/local/lib/node_modules/bbb/package.json
9 verbose read json /usr/local/lib/node_modules/grunt/package.json
10 verbose read json /usr/local/lib/node_modules/jslint/package.json
11 verbose read json /usr/local/lib/node_modules/npm/package.json
12 verbose read json /usr/local/lib/node_modules/supervisor/package.json
13 verbose read json /usr/local/lib/node_modules/yeoman/package.json
14 verbose cache add [ 'yeoman', '*' ]
15 silly cache add name="yeoman" spec="*" args=["yeoman","*"]
16 verbose parsed url { pathname: '*', path: '*', href: '*' }
17 verbose addNamed [ 'yeoman', '*' ]
18 verbose addNamed [ null, '' ]
19 verbose from cache /usr/local/lib/node_modules/bbb/package.json
20 verbose from cache /usr/local/lib/node_modules/supervisor/package.json
21 verbose from cache /usr/local/lib/node_modules/jslint/package.json
22 verbose from cache /usr/local/lib/node_modules/grunt/package.json
23 verbose from cache /usr/local/lib/node_modules/npm/package.json
24 verbose read json /usr/local/lib/node_modules/npm/node_modules/abbrev/package.json
25 verbose read json /usr/local/lib/node_modules/npm/node_modules/ansi/package.json
26 verbose read json /usr/local/lib/node_modules/npm/node_modules/archy/package.json
27 verbose read json /usr/local/lib/node_modules/npm/node_modules/block-stream/package.json
28 verbose read json /usr/local/lib/node_modules/npm/node_modules/chownr/package.json
29 verbose read json /usr/local/lib/node_modules/npm/node_modules/fstream/package.json
30 verbose read json /usr/local/lib/node_modules/npm/node_modules/fstream-npm/package.json
31 verbose read json /usr/local/lib/node_modules/npm/node_modules/glob/package.json
32 verbose read json /usr/local/lib/node_modules/npm/node_modules/graceful-fs/package.json
33 verbose read json /usr/local/lib/node_modules/npm/node_modules/inherits/package.json
34 verbose read json /usr/local/lib/node_modules/npm/node_modules/ini/package.json
35 verbose read json /usr/local/lib/node_modules/npm/node_modules/init-package-json/package.json
36 verbose read json /usr/local/lib/node_modules/npm/node_modules/lockfile/package.json
37 verbose read json /usr/local/lib/node_modules/npm/node_modules/lru-cache/package.json
38 verbose read json /usr/local/lib/node_modules/npm/node_modules/minimatch/package.json
39 verbose read json /usr/local/lib/node_modules/npm/node_modules/mkdirp/package.json
40 verbose read json /usr/local/lib/node_modules/npm/node_modules/node-gyp/package.json
41 verbose read json /usr/local/lib/node_modules/npm/node_modules/node-uuid/package.json
42 verbose read json /usr/local/lib/node_modules/npm/node_modules/nopt/package.json
43 verbose read json /usr/local/lib/node_modules/npm/node_modules/npm-registry-client/package.json
44 verbose read json /usr/local/lib/node_modules/npm/node_modules/npmlog/package.json
45 verbose read json /usr/local/lib/node_modules/npm/node_modules/osenv/package.json
46 verbose read json /usr/local/lib/node_modules/npm/node_modules/proto-list/package.json
47 verbose read json /usr/local/lib/node_modules/npm/node_modules/read/package.json
48 verbose read json /usr/local/lib/node_modules/npm/node_modules/read-installed/package.json
49 verbose read json /usr/local/lib/node_modules/npm/node_modules/read-package-json/package.json
50 verbose read json /usr/local/lib/node_modules/npm/node_modules/request/package.json
51 verbose read json /usr/local/lib/node_modules/npm/node_modules/retry/package.json
52 verbose read json /usr/local/lib/node_modules/npm/node_modules/rimraf/package.json
53 verbose read json /usr/local/lib/node_modules/npm/node_modules/semver/package.json
54 verbose read json /usr/local/lib/node_modules/npm/node_modules/slide/package.json
55 verbose read json /usr/local/lib/node_modules/npm/node_modules/tar/package.json
56 verbose read json /usr/local/lib/node_modules/npm/node_modules/uid-number/package.json
57 verbose read json /usr/local/lib/node_modules/npm/node_modules/which/package.json
58 verbose lock yeoman@* /Users/henrik/.npm/fd94f358c896dd18c45f2a5726a164a8676b6980-yeoman-.lock
59 verbose read json /usr/local/lib/node_modules/bbb/node_modules/.bin/package.json
60 verbose read json /usr/local/lib/node_modules/bbb/node_modules/cssom/package.json
61 verbose read json /usr/local/lib/node_modules/bbb/node_modules/express/package.json
62 verbose read json /usr/local/lib/node_modules/bbb/node_modules/grunt/package.json
63 verbose read json /usr/local/lib/node_modules/bbb/node_modules/grunt-contrib/package.json
64 verbose read json /usr/local/lib/node_modules/bbb/node_modules/grunt-jasmine-task/package.json
65 verbose read json /usr/local/lib/node_modules/bbb/node_modules/handlebars/package.json
66 verbose read json /usr/local/lib/node_modules/bbb/node_modules/nib/package.json
67 verbose read json /usr/local/lib/node_modules/bbb/node_modules/requirejs/package.json
68 verbose read json /usr/local/lib/node_modules/bbb/node_modules/stylus/package.json
69 verbose read json /usr/local/lib/node_modules/jslint/node_modules/.bin/package.json
70 verbose read json /usr/local/lib/node_modules/jslint/node_modules/nopt/package.json
71 verbose read json /usr/local/lib/node_modules/grunt/node_modules/.bin/package.json
72 verbose read json /usr/local/lib/node_modules/grunt/node_modules/async/package.json
73 verbose read json /usr/local/lib/node_modules/grunt/node_modules/colors/package.json
74 verbose read json /usr/local/lib/node_modules/grunt/node_modules/connect/package.json
75 verbose read json /usr/local/lib/node_modules/grunt/node_modules/dateformat/package.json
76 verbose read json /usr/local/lib/node_modules/grunt/node_modules/glob-whatev/package.json
77 verbose read json /usr/local/lib/node_modules/grunt/node_modules/gzip-js/package.json
78 verbose read json /usr/local/lib/node_modules/grunt/node_modules/hooker/package.json
79 verbose read json /usr/local/lib/node_modules/grunt/node_modules/jshint/package.json
80 verbose read json /usr/local/lib/node_modules/grunt/node_modules/nodeunit/package.json
81 verbose read json /usr/local/lib/node_modules/grunt/node_modules/nopt/package.json
82 verbose read json /usr/local/lib/node_modules/grunt/node_modules/prompt/package.json
83 verbose read json /usr/local/lib/node_modules/grunt/node_modules/semver/package.json
84 verbose read json /usr/local/lib/node_modules/grunt/node_modules/temporary/package.json
85 verbose read json /usr/local/lib/node_modules/grunt/node_modules/uglify-js/package.json
86 verbose read json /usr/local/lib/node_modules/grunt/node_modules/underscore/package.json
87 verbose read json /usr/local/lib/node_modules/grunt/node_modules/underscore.string/package.json
88 silly addNameRange { name: 'yeoman', range: '', hasData: false }
89 verbose from cache /usr/local/lib/node_modules/bbb/node_modules/grunt/package.json
90 verbose from cache /usr/local/lib/node_modules/bbb/node_modules/grunt-contrib/package.json
91 verbose from cache /usr/local/lib/node_modules/bbb/node_modules/grunt-jasmine-task/package.json
92 verbose from cache /usr/local/lib/node_modules/bbb/node_modules/requirejs/package.json
93 verbose from cache /usr/local/lib/node_modules/bbb/node_modules/handlebars/package.json
94 verbose from cache /usr/local/lib/node_modules/bbb/node_modules/express/package.json
95 verbose from cache /usr/local/lib/node_modules/bbb/node_modules/stylus/package.json
96 verbose from cache /usr/local/lib/node_modules/bbb/node_modules/nib/package.json
97 verbose from cache /usr/local/lib/node_modules/bbb/node_modules/cssom/package.json
98 verbose from cache /usr/local/lib/node_modules/jslint/node_modules/nopt/package.json
99 verbose read json /usr/local/lib/node_modules/bbb/node_modules/grunt/node_modules/.bin/package.json
100 verbose read json /usr/local/lib/node_modules/bbb/node_modules/grunt/node_modules/async/package.json
101 verbose read json /usr/local/lib/node_modules/bbb/node_modules/grunt/node_modules/colors/package.json
102 verbose read json /usr/local/lib/node_modules/bbb/node_modules/grunt/node_modules/connect/package.json
103 verbose read json /usr/local/lib/node_modules/bbb/node_modules/grunt/node_modules/dateformat/package.json
104 verbose read json /usr/local/lib/node_modules/bbb/node_modules/grunt/node_modules/glob-whatev/package.json
105 verbose read json /usr/local/lib/node_modules/bbb/node_modules/grunt/node_modules/gzip-js/package.json
106 verbose read json /usr/local/lib/node_modules/bbb/node_modules/grunt/node_modules/hooker/package.json
107 verbose read json /usr/local/lib/node_modules/bbb/node_modules/grunt/node_modules/jshint/package.json
108 verbose read json /usr/local/lib/node_modules/bbb/node_modules/grunt/node_modules/nodeunit/package.json
109 verbose read json /usr/local/lib/node_modules/bbb/node_modules/grunt/node_modules/nopt/package.json
110 verbose read json /usr/local/lib/node_modules/bbb/node_modules/grunt/node_modules/prompt/package.json
111 verbose read json /usr/local/lib/node_modules/bbb/node_modules/grunt/node_modules/semver/package.json
112 verbose read json /usr/local/lib/node_modules/bbb/node_modules/grunt/node_modules/temporary/package.json
113 verbose read json /usr/local/lib/node_modules/bbb/node_modules/grunt/node_modules/uglify-js/package.json
114 verbose read json /usr/local/lib/node_modules/bbb/node_modules/grunt/node_modules/underscore/package.json
115 verbose read json /usr/local/lib/node_modules/bbb/node_modules/grunt/node_modules/underscore.string/package.json
116 verbose read json /usr/local/lib/node_modules/bbb/node_modules/grunt-jasmine-task/node_modules/temporary/package.json
117 verbose read json /usr/local/lib/node_modules/bbb/node_modules/handlebars/node_modules/.bin/package.json
118 verbose read json /usr/local/lib/node_modules/bbb/node_modules/handlebars/node_modules/optimist/package.json
119 verbose read json /usr/local/lib/node_modules/bbb/node_modules/handlebars/node_modules/uglify-js/package.json
120 verbose read json /usr/local/lib/node_modules/bbb/node_modules/grunt-contrib/node_modules/.bin/package.json
121 verbose read json /usr/local/lib/node_modules/bbb/node_modules/grunt-contrib/node_modules/clean-css/package.json
122 verbose read json /usr/local/lib/node_modules/bbb/node_modules/grunt-contrib/node_modules/coffee-script/package.json
123 verbose read json /usr/local/lib/node_modules/bbb/node_modules/grunt-contrib/node_modules/fstream/package.json
124 verbose read json /usr/local/lib/node_modules/bbb/node_modules/grunt-contrib/node_modules/jade/package.json
125 verbose read json /usr/local/lib/node_modules/bbb/node_modules/grunt-contrib/node_modules/less/package.json
126 verbose read json /usr/local/lib/node_modules/bbb/node_modules/grunt-contrib/node_modules/nib/package.json
127 verbose read json /usr/local/lib/node_modules/bbb/node_modules/grunt-contrib/node_modules/rimraf/package.json
128 verbose read json /usr/local/lib/node_modules/bbb/node_modules/grunt-contrib/node_modules/stylus/package.json
129 verbose read json /usr/local/lib/node_modules/bbb/node_modules/grunt-contrib/node_modules/tar/package.json
130 verbose read json /usr/local/lib/node_modules/bbb/node_modules/grunt-contrib/node_modules/underscore/package.json
131 verbose read json /usr/local/lib/node_modules/bbb/node_modules/grunt-contrib/node_modules/yuidocjs/package.json
132 verbose read json /usr/local/lib/node_modules/bbb/node_modules/grunt-contrib/node_modules/zipstream/package.json
133 verbose read json /usr/local/lib/node_modules/bbb/node_modules/express/node_modules/connect/package.json
134 verbose read json /usr/local/lib/node_modules/bbb/node_modules/express/node_modules/mime/package.json
135 verbose read json /usr/local/lib/node_modules/bbb/node_modules/express/node_modules/mkdirp/package.json
136 verbose read json /usr/local/lib/node_modules/bbb/node_modules/express/node_modules/qs/package.json
137 verbose read json /usr/local/lib/node_modules/bbb/node_modules/stylus/node_modules/debug/package.json
138 verbose read json /usr/local/lib/node_modules/bbb/node_modules/stylus/node_modules/mkdirp/package.json
139 verbose read json /usr/local/lib/node_modules/jslint/node_modules/nopt/node_modules/abbrev/package.json
140 verbose from cache /usr/local/lib/node_modules/grunt/node_modules/async/package.json
141 verbose from cache /usr/local/lib/node_modules/grunt/node_modules/colors/package.json
142 verbose from cache /usr/local/lib/node_modules/grunt/node_modules/connect/package.json
143 verbose from cache /usr/local/lib/node_modules/grunt/node_modules/dateformat/package.json
144 verbose from cache /usr/local/lib/node_modules/grunt/node_modules/glob-whatev/package.json
145 verbose from cache /usr/local/lib/node_modules/grunt/node_modules/hooker/package.json
146 verbose from cache /usr/local/lib/node_modules/grunt/node_modules/jshint/package.json
147 verbose from cache /usr/local/lib/node_modules/grunt/node_modules/nodeunit/package.json
148 verbose from cache /usr/local/lib/node_modules/grunt/node_modules/nopt/package.json
149 verbose from cache /usr/local/lib/node_modules/grunt/node_modules/prompt/package.json
150 verbose from cache /usr/local/lib/node_modules/grunt/node_modules/semver/package.json
151 verbose from cache /usr/local/lib/node_modules/grunt/node_modules/uglify-js/package.json
152 verbose from cache /usr/local/lib/node_modules/grunt/node_modules/underscore/package.json
153 verbose from cache /usr/local/lib/node_modules/grunt/node_modules/underscore.string/package.json
154 verbose from cache /usr/local/lib/node_modules/grunt/node_modules/temporary/package.json
155 verbose from cache /usr/local/lib/node_modules/grunt/node_modules/gzip-js/package.json
156 verbose from cache /usr/local/lib/node_modules/npm/node_modules/semver/package.json
157 verbose from cache /usr/local/lib/node_modules/npm/node_modules/ini/package.json
158 verbose from cache /usr/local/lib/node_modules/npm/node_modules/slide/package.json
159 verbose from cache /usr/local/lib/node_modules/npm/node_modules/abbrev/package.json
160 verbose from cache /usr/local/lib/node_modules/npm/node_modules/graceful-fs/package.json
161 verbose from cache /usr/local/lib/node_modules/npm/node_modules/minimatch/package.json
162 verbose from cache /usr/local/lib/node_modules/npm/node_modules/nopt/package.json
163 verbose from cache /usr/local/lib/node_modules/npm/node_modules/node-uuid/package.json
164 verbose from cache /usr/local/lib/node_modules/npm/node_modules/proto-list/package.json
165 verbose from cache /usr/local/lib/node_modules/npm/node_modules/rimraf/package.json
166 verbose from cache /usr/local/lib/node_modules/npm/node_modules/request/package.json
167 verbose from cache /usr/local/lib/node_modules/npm/node_modules/which/package.json
168 verbose from cache /usr/local/lib/node_modules/npm/node_modules/tar/package.json
169 verbose from cache /usr/local/lib/node_modules/npm/node_modules/fstream/package.json
170 verbose from cache /usr/local/lib/node_modules/npm/node_modules/block-stream/package.json
171 verbose from cache /usr/local/lib/node_modules/npm/node_modules/inherits/package.json
172 verbose from cache /usr/local/lib/node_modules/npm/node_modules/mkdirp/package.json
173 verbose from cache /usr/local/lib/node_modules/npm/node_modules/read/package.json
174 verbose from cache /usr/local/lib/node_modules/npm/node_modules/lru-cache/package.json
175 verbose from cache /usr/local/lib/node_modules/npm/node_modules/node-gyp/package.json
176 verbose from cache /usr/local/lib/node_modules/npm/node_modules/fstream-npm/package.json
177 verbose from cache /usr/local/lib/node_modules/npm/node_modules/uid-number/package.json
178 verbose from cache /usr/local/lib/node_modules/npm/node_modules/archy/package.json
179 verbose from cache /usr/local/lib/node_modules/npm/node_modules/chownr/package.json
180 verbose from cache /usr/local/lib/node_modules/npm/node_modules/npmlog/package.json
181 verbose from cache /usr/local/lib/node_modules/npm/node_modules/ansi/package.json
182 verbose from cache /usr/local/lib/node_modules/npm/node_modules/npm-registry-client/package.json
183 verbose from cache /usr/local/lib/node_modules/npm/node_modules/read-package-json/package.json
184 verbose from cache /usr/local/lib/node_modules/npm/node_modules/read-installed/package.json
185 verbose from cache /usr/local/lib/node_modules/npm/node_modules/glob/package.json
186 verbose from cache /usr/local/lib/node_modules/npm/node_modules/init-package-json/package.json
187 verbose from cache /usr/local/lib/node_modules/npm/node_modules/osenv/package.json
188 verbose from cache /usr/local/lib/node_modules/npm/node_modules/lockfile/package.json
189 verbose from cache /usr/local/lib/node_modules/npm/node_modules/retry/package.json
190 verbose read json /usr/local/lib/node_modules/grunt/node_modules/connect/node_modules/bytes/package.json
191 verbose read json /usr/local/lib/node_modules/grunt/node_modules/connect/node_modules/cookie/package.json
192 verbose read json /usr/local/lib/node_modules/grunt/node_modules/connect/node_modules/crc/package.json
193 verbose read json /usr/local/lib/node_modules/grunt/node_modules/connect/node_modules/debug/package.json
194 verbose read json /usr/local/lib/node_modules/grunt/node_modules/connect/node_modules/formidable/package.json
195 verbose read json /usr/local/lib/node_modules/grunt/node_modules/connect/node_modules/fresh/package.json
196 verbose read json /usr/local/lib/node_modules/grunt/node_modules/connect/node_modules/pause/package.json
197 verbose read json /usr/local/lib/node_modules/grunt/node_modules/connect/node_modules/qs/package.json
198 verbose read json /usr/local/lib/node_modules/grunt/node_modules/connect/node_modules/send/package.json
199 verbose read json /usr/local/lib/node_modules/grunt/node_modules/glob-whatev/node_modules/minimatch/package.json
200 verbose read json /usr/local/lib/node_modules/grunt/node_modules/prompt/node_modules/pkginfo/package.json
201 verbose read json /usr/local/lib/node_modules/grunt/node_modules/prompt/node_modules/winston/package.json
202 verbose read json /usr/local/lib/node_modules/grunt/node_modules/temporary/node_modules/package/package.json
203 verbose read json /usr/local/lib/node_modules/grunt/node_modules/jshint/node_modules/cli/package.json
204 verbose read json /usr/local/lib/node_modules/grunt/node_modules/jshint/node_modules/minimatch/package.json
205 verbose url raw yeoman
206 verbose url resolving [ 'https://registry.npmjs.org/', './yeoman' ]
207 verbose url resolved https://registry.npmjs.org/yeoman
208 info retry registry request attempt 1 at 12:32:45
209 verbose etag "EAF54JRM4KDBWI5HR2486H3MF"
210 http GET https://registry.npmjs.org/yeoman
211 verbose read json /usr/local/lib/node_modules/grunt/node_modules/nodeunit/node_modules/.bin/package.json
212 verbose read json /usr/local/lib/node_modules/grunt/node_modules/nodeunit/node_modules/tap/package.json
213 verbose read json /usr/local/lib/node_modules/grunt/node_modules/gzip-js/node_modules/.bin/package.json
214 verbose read json /usr/local/lib/node_modules/grunt/node_modules/gzip-js/node_modules/crc32/package.json
215 verbose read json /usr/local/lib/node_modules/grunt/node_modules/gzip-js/node_modules/deflate-js/package.json
216 verbose read json /usr/local/lib/node_modules/grunt/node_modules/nopt/node_modules/abbrev/package.json
217 verbose read json /usr/local/lib/node_modules/npm/node_modules/minimatch/node_modules/lru-cache/package.json
218 verbose read json /usr/local/lib/node_modules/npm/node_modules/nopt/node_modules/abbrev/package.json
219 verbose read json /usr/local/lib/node_modules/npm/node_modules/rimraf/node_modules/graceful-fs/package.json
220 verbose read json /usr/local/lib/node_modules/npm/node_modules/tar/node_modules/inherits/package.json
221 verbose read json /usr/local/lib/node_modules/npm/node_modules/tar/node_modules/block-stream/package.json
222 verbose read json /usr/local/lib/node_modules/npm/node_modules/tar/node_modules/fstream/package.json
223 verbose read json /usr/local/lib/node_modules/npm/node_modules/fstream/node_modules/rimraf/package.json
224 verbose read json /usr/local/lib/node_modules/npm/node_modules/fstream/node_modules/mkdirp/package.json
225 verbose read json /usr/local/lib/node_modules/npm/node_modules/fstream/node_modules/graceful-fs/package.json
226 verbose read json /usr/local/lib/node_modules/npm/node_modules/fstream/node_modules/inherits/package.json
227 verbose read json /usr/local/lib/node_modules/npm/node_modules/block-stream/node_modules/inherits/package.json
228 verbose read json /usr/local/lib/node_modules/npm/node_modules/node-gyp/node_modules/glob/package.json
229 verbose read json /usr/local/lib/node_modules/npm/node_modules/node-gyp/node_modules/graceful-fs/package.json
230 verbose read json /usr/local/lib/node_modules/npm/node_modules/node-gyp/node_modules/fstream/package.json
231 verbose read json /usr/local/lib/node_modules/npm/node_modules/node-gyp/node_modules/minimatch/package.json
232 verbose read json /usr/local/lib/node_modules/npm/node_modules/node-gyp/node_modules/mkdirp/package.json
233 verbose read json /usr/local/lib/node_modules/npm/node_modules/node-gyp/node_modules/nopt/package.json
234 verbose read json /usr/local/lib/node_modules/npm/node_modules/node-gyp/node_modules/npmlog/package.json
235 verbose read json /usr/local/lib/node_modules/npm/node_modules/node-gyp/node_modules/request/package.json
236 verbose read json /usr/local/lib/node_modules/npm/node_modules/node-gyp/node_modules/rimraf/package.json
237 verbose read json /usr/local/lib/node_modules/npm/node_modules/node-gyp/node_modules/semver/package.json
238 verbose read json /usr/local/lib/node_modules/npm/node_modules/node-gyp/node_modules/tar/package.json
239 verbose read json /usr/local/lib/node_modules/npm/node_modules/node-gyp/node_modules/which/package.json
240 verbose read json /usr/local/lib/node_modules/npm/node_modules/fstream-npm/node_modules/fstream-ignore/package.json
241 verbose read json /usr/local/lib/node_modules/npm/node_modules/npmlog/node_modules/ansi/package.json
242 verbose read json /usr/local/lib/node_modules/npm/node_modules/npm-registry-client/node_modules/node-uuid/package.json
243 verbose read json /usr/local/lib/node_modules/npm/node_modules/npm-registry-client/node_modules/request/package.json
244 verbose read json /usr/local/lib/node_modules/npm/node_modules/npm-registry-client/node_modules/graceful-fs/package.json
245 verbose read json /usr/local/lib/node_modules/npm/node_modules/npm-registry-client/node_modules/semver/package.json
246 verbose read json /usr/local/lib/node_modules/npm/node_modules/npm-registry-client/node_modules/slide/package.json
247 verbose read json /usr/local/lib/node_modules/npm/node_modules/npm-registry-client/node_modules/chownr/package.json
248 verbose read json /usr/local/lib/node_modules/npm/node_modules/npm-registry-client/node_modules/mkdirp/package.json
249 verbose read json /usr/local/lib/node_modules/npm/node_modules/npm-registry-client/node_modules/rimraf/package.json
250 verbose read json /usr/local/lib/node_modules/npm/node_modules/npm-registry-client/node_modules/retry/package.json
251 verbose read json /usr/local/lib/node_modules/npm/node_modules/npm-registry-client/node_modules/npmlog/package.json
252 verbose read json /usr/local/lib/node_modules/npm/node_modules/read-package-json/node_modules/glob/package.json
253 verbose read json /usr/local/lib/node_modules/npm/node_modules/read-package-json/node_modules/lru-cache/package.json
254 verbose read json /usr/local/lib/node_modules/npm/node_modules/read-package-json/node_modules/semver/package.json
255 verbose read json /usr/local/lib/node_modules/npm/node_modules/read-package-json/node_modules/slide/package.json
256 verbose read json /usr/local/lib/node_modules/npm/node_modules/read-package-json/node_modules/npmlog/package.json
257 verbose read json /usr/local/lib/node_modules/npm/node_modules/read-package-json/node_modules/graceful-fs/package.json
258 verbose read json /usr/local/lib/node_modules/npm/node_modules/read-installed/node_modules/semver/package.json
259 verbose read json /usr/local/lib/node_modules/npm/node_modules/read-installed/node_modules/slide/package.json
260 verbose read json /usr/local/lib/node_modules/npm/node_modules/read-installed/node_modules/read-package-json/package.json
261 verbose read json /usr/local/lib/node_modules/npm/node_modules/read-installed/node_modules/graceful-fs/package.json
262 verbose read json /usr/local/lib/node_modules/npm/node_modules/read-installed/node_modules/npmlog/package.json
263 verbose read json /usr/local/lib/node_modules/npm/node_modules/glob/node_modules/minimatch/package.json
264 verbose read json /usr/local/lib/node_modules/npm/node_modules/glob/node_modules/graceful-fs/package.json
265 verbose read json /usr/local/lib/node_modules/npm/node_modules/glob/node_modules/inherits/package.json
266 verbose read json /usr/local/lib/node_modules/npm/node_modules/init-package-json/node_modules/promzard/package.json
267 verbose from cache /usr/local/lib/node_modules/bbb/node_modules/handlebars/node_modules/optimist/package.json
268 verbose from cache /usr/local/lib/node_modules/bbb/node_modules/handlebars/node_modules/uglify-js/package.json
269 verbose from cache /usr/local/lib/node_modules/bbb/node_modules/grunt/node_modules/async/package.json
270 verbose from cache /usr/local/lib/node_modules/bbb/node_modules/grunt/node_modules/colors/package.json
271 verbose from cache /usr/local/lib/node_modules/bbb/node_modules/grunt/node_modules/connect/package.json
272 verbose from cache /usr/local/lib/node_modules/bbb/node_modules/grunt/node_modules/dateformat/package.json
273 verbose from cache /usr/local/lib/node_modules/bbb/node_modules/grunt/node_modules/glob-whatev/package.json
274 verbose from cache /usr/local/lib/node_modules/bbb/node_modules/grunt/node_modules/hooker/package.json
275 verbose from cache /usr/local/lib/node_modules/bbb/node_modules/grunt/node_modules/jshint/package.json
276 verbose from cache /usr/local/lib/node_modules/bbb/node_modules/grunt/node_modules/nodeunit/package.json
277 verbose from cache /usr/local/lib/node_modules/bbb/node_modules/grunt/node_modules/nopt/package.json
278 verbose from cache /usr/local/lib/node_modules/bbb/node_modules/grunt/node_modules/prompt/package.json
279 verbose from cache /usr/local/lib/node_modules/bbb/node_modules/grunt/node_modules/semver/package.json
280 verbose from cache /usr/local/lib/node_modules/bbb/node_modules/grunt/node_modules/uglify-js/package.json
281 verbose from cache /usr/local/lib/node_modules/bbb/node_modules/grunt/node_modules/underscore/package.json
282 verbose from cache /usr/local/lib/node_modules/bbb/node_modules/grunt/node_modules/underscore.string/package.json
283 verbose from cache /usr/local/lib/node_modules/bbb/node_modules/grunt/node_modules/temporary/package.json
284 verbose from cache /usr/local/lib/node_modules/bbb/node_modules/grunt/node_modules/gzip-js/package.json
285 verbose from cache /usr/local/lib/node_modules/bbb/node_modules/grunt-jasmine-task/node_modules/temporary/package.json
286 verbose read json /usr/local/lib/node_modules/bbb/node_modules/grunt-contrib/node_modules/grunt/package.json
287 verbose from cache /usr/local/lib/node_modules/bbb/node_modules/grunt-contrib/node_modules/rimraf/package.json
288 verbose from cache /usr/local/lib/node_modules/bbb/node_modules/grunt-contrib/node_modules/clean-css/package.json
289 verbose from cache /usr/local/lib/node_modules/bbb/node_modules/grunt-contrib/node_modules/less/package.json
290 verbose from cache /usr/local/lib/node_modules/bbb/node_modules/grunt-contrib/node_modules/stylus/package.json
291 verbose from cache /usr/local/lib/node_modules/bbb/node_modules/grunt-contrib/node_modules/nib/package.json
292 verbose from cache /usr/local/lib/node_modules/bbb/node_modules/grunt-contrib/node_modules/coffee-script/package.json
293 verbose from cache /usr/local/lib/node_modules/bbb/node_modules/grunt-contrib/node_modules/jade/package.json
294 verbose from cache /usr/local/lib/node_modules/bbb/node_modules/grunt-contrib/node_modules/zipstream/package.json
295 verbose from cache /usr/local/lib/node_modules/bbb/node_modules/grunt-contrib/node_modules/tar/package.json
296 verbose from cache /usr/local/lib/node_modules/bbb/node_modules/grunt-contrib/node_modules/fstream/package.json
297 verbose read json /usr/local/lib/node_modules/bbb/node_modules/grunt-contrib/node_modules/requirejs/package.json
298 verbose read json /usr/local/lib/node_modules/bbb/node_modules/grunt-contrib/node_modules/handlebars/package.json
299 verbose from cache /usr/local/lib/node_modules/bbb/node_modules/grunt-contrib/node_modules/yuidocjs/package.json
300 verbose from cache /usr/local/lib/node_modules/bbb/node_modules/grunt-contrib/node_modules/underscore/package.json
301 verbose read json /usr/local/lib/node_modules/bbb/node_modules/stylus/node_modules/cssom/package.json
302 verbose from cache /usr/local/lib/node_modules/bbb/node_modules/stylus/node_modules/mkdirp/package.json
303 verbose from cache /usr/local/lib/node_modules/bbb/node_modules/stylus/node_modules/debug/package.json
304 verbose from cache /usr/local/lib/node_modules/jslint/node_modules/nopt/node_modules/abbrev/package.json
305 verbose from cache /usr/local/lib/node_modules/bbb/node_modules/express/node_modules/connect/package.json
306 verbose from cache /usr/local/lib/node_modules/bbb/node_modules/express/node_modules/mime/package.json
307 verbose from cache /usr/local/lib/node_modules/bbb/node_modules/express/node_modules/qs/package.json
308 verbose from cache /usr/local/lib/node_modules/bbb/node_modules/express/node_modules/mkdirp/package.json
309 verbose read json /usr/local/lib/node_modules/bbb/node_modules/grunt/node_modules/connect/node_modules/bytes/package.json
310 verbose read json /usr/local/lib/node_modules/bbb/node_modules/grunt/node_modules/connect/node_modules/cookie/package.json
311 verbose read json /usr/local/lib/node_modules/bbb/node_modules/grunt/node_modules/connect/node_modules/crc/package.json
312 verbose read json /usr/local/lib/node_modules/bbb/node_modules/grunt/node_modules/connect/node_modules/debug/package.json
313 verbose read json /usr/local/lib/node_modules/bbb/node_modules/grunt/node_modules/connect/node_modules/formidable/package.json
314 verbose read json /usr/local/lib/node_modules/bbb/node_modules/grunt/node_modules/connect/node_modules/fresh/package.json
315 verbose read json /usr/local/lib/node_modules/bbb/node_modules/grunt/node_modules/connect/node_modules/pause/package.json
316 verbose read json /usr/local/lib/node_modules/bbb/node_modules/grunt/node_modules/connect/node_modules/qs/package.json
317 verbose read json /usr/local/lib/node_modules/bbb/node_modules/grunt/node_modules/connect/node_modules/send/package.json
318 verbose read json /usr/local/lib/node_modules/bbb/node_modules/handlebars/node_modules/optimist/node_modules/wordwrap/package.json
319 verbose read json /usr/local/lib/node_modules/bbb/node_modules/grunt/node_modules/jshint/node_modules/argsparser/package.json
320 verbose read json /usr/local/lib/node_modules/bbb/node_modules/grunt/node_modules/jshint/node_modules/minimatch/package.json
321 verbose read json /usr/local/lib/node_modules/bbb/node_modules/grunt/node_modules/glob-whatev/node_modules/minimatch/package.json
322 verbose read json /usr/local/lib/node_modules/bbb/node_modules/grunt/node_modules/nopt/node_modules/abbrev/package.json
323 verbose read json /usr/local/lib/node_modules/bbb/node_modules/grunt/node_modules/prompt/node_modules/pkginfo/package.json
324 verbose read json /usr/local/lib/node_modules/bbb/node_modules/grunt/node_modules/prompt/node_modules/winston/package.json
325 verbose read json /usr/local/lib/node_modules/bbb/node_modules/grunt/node_modules/gzip-js/node_modules/.bin/package.json
326 verbose read json /usr/local/lib/node_modules/bbb/node_modules/grunt/node_modules/gzip-js/node_modules/crc32/package.json
327 verbose read json /usr/local/lib/node_modules/bbb/node_modules/grunt/node_modules/gzip-js/node_modules/deflate-js/package.json
328 verbose read json /usr/local/lib/node_modules/bbb/node_modules/grunt-jasmine-task/node_modules/temporary/node_modules/package/package.json
329 verbose read json /usr/local/lib/node_modules/bbb/node_modules/grunt/node_modules/nodeunit/node_modules/.bin/package.json
330 verbose read json /usr/local/lib/node_modules/bbb/node_modules/grunt/node_modules/nodeunit/node_modules/tap/package.json
331 verbose read json /usr/local/lib/node_modules/bbb/node_modules/grunt-contrib/node_modules/rimraf/node_modules/graceful-fs/package.json
332 verbose read json /usr/local/lib/node_modules/bbb/node_modules/grunt/node_modules/temporary/node_modules/package/package.json
333 verbose read json /usr/local/lib/node_modules/bbb/node_modules/grunt-contrib/node_modules/clean-css/node_modules/optimist/package.json
334 verbose read json /usr/local/lib/node_modules/bbb/node_modules/grunt-contrib/node_modules/stylus/node_modules/debug/package.json
335 verbose read json /usr/local/lib/node_modules/bbb/node_modules/grunt-contrib/node_modules/stylus/node_modules/mkdirp/package.json
336 verbose read json /usr/local/lib/node_modules/bbb/node_modules/grunt-contrib/node_modules/tar/node_modules/block-stream/package.json
337 verbose read json /usr/local/lib/node_modules/bbb/node_modules/grunt-contrib/node_modules/tar/node_modules/inherits/package.json
338 verbose read json /usr/local/lib/node_modules/bbb/node_modules/grunt-contrib/node_modules/fstream/node_modules/graceful-fs/package.json
339 verbose read json /usr/local/lib/node_modules/bbb/node_modules/grunt-contrib/node_modules/fstream/node_modules/inherits/package.json
340 verbose read json /usr/local/lib/node_modules/bbb/node_modules/grunt-contrib/node_modules/fstream/node_modules/mkdirp/package.json
341 verbose read json /usr/local/lib/node_modules/bbb/node_modules/grunt-contrib/node_modules/jade/node_modules/commander/package.json
342 verbose read json /usr/local/lib/node_modules/bbb/node_modules/grunt-contrib/node_modules/jade/node_modules/mkdirp/package.json
343 verbose read json /usr/local/lib/node_modules/bbb/node_modules/grunt-contrib/node_modules/yuidocjs/node_modules/graceful-fs/package.json
344 verbose read json /usr/local/lib/node_modules/bbb/node_modules/grunt-contrib/node_modules/yuidocjs/node_modules/minimatch/package.json
345 verbose read json /usr/local/lib/node_modules/bbb/node_modules/grunt-contrib/node_modules/yuidocjs/node_modules/node-markdown/package.json
346 verbose read json /usr/local/lib/node_modules/bbb/node_modules/grunt-contrib/node_modules/yuidocjs/node_modules/yui/package.json
347 verbose read json /usr/local/lib/node_modules/bbb/node_modules/express/node_modules/connect/node_modules/formidable/package.json
348 verbose from cache /usr/local/lib/node_modules/grunt/node_modules/jshint/node_modules/cli/package.json
349 verbose from cache /usr/local/lib/node_modules/grunt/node_modules/jshint/node_modules/minimatch/package.json
350 verbose from cache /usr/local/lib/node_modules/grunt/node_modules/glob-whatev/node_modules/minimatch/package.json
351 verbose read json /usr/local/lib/node_modules/grunt/node_modules/prompt/node_modules/async/package.json
352 verbose read json /usr/local/lib/node_modules/grunt/node_modules/prompt/node_modules/colors/package.json
353 verbose from cache /usr/local/lib/node_modules/grunt/node_modules/prompt/node_modules/pkginfo/package.json
354 verbose from cache /usr/local/lib/node_modules/grunt/node_modules/prompt/node_modules/winston/package.json
355 verbose from cache /usr/local/lib/node_modules/grunt/node_modules/connect/node_modules/qs/package.json
356 verbose from cache /usr/local/lib/node_modules/grunt/node_modules/connect/node_modules/formidable/package.json
357 verbose from cache /usr/local/lib/node_modules/grunt/node_modules/connect/node_modules/crc/package.json
358 verbose from cache /usr/local/lib/node_modules/grunt/node_modules/connect/node_modules/cookie/package.json
359 verbose from cache /usr/local/lib/node_modules/grunt/node_modules/connect/node_modules/bytes/package.json
360 verbose from cache /usr/local/lib/node_modules/grunt/node_modules/connect/node_modules/send/package.json
361 verbose from cache /usr/local/lib/node_modules/grunt/node_modules/connect/node_modules/fresh/package.json
362 verbose from cache /usr/local/lib/node_modules/grunt/node_modules/connect/node_modules/pause/package.json
363 verbose from cache /usr/local/lib/node_modules/grunt/node_modules/connect/node_modules/debug/package.json
364 verbose from cache /usr/local/lib/node_modules/grunt/node_modules/temporary/node_modules/package/package.json
365 verbose from cache /usr/local/lib/node_modules/grunt/node_modules/nodeunit/node_modules/tap/package.json
366 verbose from cache /usr/local/lib/node_modules/grunt/node_modules/gzip-js/node_modules/crc32/package.json
367 verbose from cache /usr/local/lib/node_modules/grunt/node_modules/gzip-js/node_modules/deflate-js/package.json
368 verbose from cache /usr/local/lib/node_modules/npm/node_modules/init-package-json/node_modules/promzard/package.json
369 verbose read json /usr/local/lib/node_modules/npm/node_modules/init-package-json/node_modules/read/package.json
370 verbose read json /usr/local/lib/node_modules/npm/node_modules/init-package-json/node_modules/read-package-json/package.json
371 verbose read json /usr/local/lib/node_modules/npm/node_modules/init-package-json/node_modules/semver/package.json
372 verbose from cache /usr/local/lib/node_modules/grunt/node_modules/nopt/node_modules/abbrev/package.json
373 verbose read json /usr/local/lib/node_modules/grunt/node_modules/jshint/node_modules/minimatch/node_modules/lru-cache/package.json
374 verbose read json /usr/local/lib/node_modules/grunt/node_modules/jshint/node_modules/cli/node_modules/glob/package.json
375 verbose read json /usr/local/lib/node_modules/grunt/node_modules/glob-whatev/node_modules/minimatch/node_modules/lru-cache/package.json
376 verbose read json /usr/local/lib/node_modules/grunt/node_modules/prompt/node_modules/winston/node_modules/eyes/package.json
377 verbose read json /usr/local/lib/node_modules/grunt/node_modules/prompt/node_modules/winston/node_modules/loggly/package.json
378 verbose read json /usr/local/lib/node_modules/grunt/node_modules/prompt/node_modules/winston/node_modules/stack-trace/package.json
379 verbose read json /usr/local/lib/node_modules/npm/node_modules/init-package-json/node_modules/promzard/node_modules/read/package.json
380 verbose read json /usr/local/lib/node_modules/grunt/node_modules/connect/node_modules/send/node_modules/mime/package.json
381 verbose read json /usr/local/lib/node_modules/grunt/node_modules/connect/node_modules/send/node_modules/range-parser/package.json
382 verbose read json /usr/local/lib/node_modules/grunt/node_modules/nodeunit/node_modules/tap/node_modules/.bin/package.json
383 verbose read json /usr/local/lib/node_modules/grunt/node_modules/nodeunit/node_modules/tap/node_modules/buffer-equal/package.json
384 verbose read json /usr/local/lib/node_modules/grunt/node_modules/nodeunit/node_modules/tap/node_modules/deep-equal/package.json
385 verbose read json /usr/local/lib/node_modules/grunt/node_modules/nodeunit/node_modules/tap/node_modules/difflet/package.json
386 verbose read json /usr/local/lib/node_modules/grunt/node_modules/nodeunit/node_modules/tap/node_modules/inherits/package.json
387 verbose read json /usr/local/lib/node_modules/grunt/node_modules/nodeunit/node_modules/tap/node_modules/mkdirp/package.json
388 verbose read json /usr/local/lib/node_modules/grunt/node_modules/nodeunit/node_modules/tap/node_modules/nopt/package.json
389 verbose read json /usr/local/lib/node_modules/grunt/node_modules/nodeunit/node_modules/tap/node_modules/runforcover/package.json
390 verbose read json /usr/local/lib/node_modules/grunt/node_modules/nodeunit/node_modules/tap/node_modules/slide/package.json
391 verbose read json /usr/local/lib/node_modules/grunt/node_modules/nodeunit/node_modules/tap/node_modules/yamlish/package.json
392 http 304 https://registry.npmjs.org/yeoman
393 silly registry.get cb [ 304,
393 silly registry.get   { server: 'CouchDB/1.2.0 (Erlang OTP/R15B)',
393 silly registry.get     etag: '"EAF54JRM4KDBWI5HR2486H3MF"',
393 silly registry.get     date: 'Sun, 18 Nov 2012 12:32:18 GMT',
393 silly registry.get     'content-length': '0' } ]
394 verbose etag yeoman from cache
395 verbose from cache /usr/local/lib/node_modules/bbb/node_modules/handlebars/node_modules/optimist/node_modules/wordwrap/package.json
396 verbose from cache /usr/local/lib/node_modules/bbb/node_modules/grunt/node_modules/nopt/node_modules/abbrev/package.json
397 verbose from cache /usr/local/lib/node_modules/bbb/node_modules/grunt/node_modules/glob-whatev/node_modules/minimatch/package.json
398 verbose from cache /usr/local/lib/node_modules/bbb/node_modules/grunt/node_modules/jshint/node_modules/argsparser/package.json
399 verbose from cache /usr/local/lib/node_modules/bbb/node_modules/grunt/node_modules/jshint/node_modules/minimatch/package.json
400 verbose from cache /usr/local/lib/node_modules/bbb/node_modules/grunt/node_modules/gzip-js/node_modules/crc32/package.json
401 verbose from cache /usr/local/lib/node_modules/bbb/node_modules/grunt/node_modules/gzip-js/node_modules/deflate-js/package.json
402 verbose read json /usr/local/lib/node_modules/bbb/node_modules/grunt/node_modules/prompt/node_modules/async/package.json
403 verbose read json /usr/local/lib/node_modules/bbb/node_modules/grunt/node_modules/prompt/node_modules/colors/package.json
404 verbose from cache /usr/local/lib/node_modules/bbb/node_modules/grunt/node_modules/prompt/node_modules/pkginfo/package.json
405 verbose from cache /usr/local/lib/node_modules/bbb/node_modules/grunt/node_modules/prompt/node_modules/winston/package.json
406 verbose from cache /usr/local/lib/node_modules/bbb/node_modules/grunt/node_modules/nodeunit/node_modules/tap/package.json
407 verbose from cache /usr/local/lib/node_modules/bbb/node_modules/grunt/node_modules/temporary/node_modules/package/package.json
408 verbose from cache /usr/local/lib/node_modules/bbb/node_modules/grunt-contrib/node_modules/rimraf/node_modules/graceful-fs/package.json
409 verbose from cache /usr/local/lib/node_modules/bbb/node_modules/grunt-jasmine-task/node_modules/temporary/node_modules/package/package.json
410 verbose read json /usr/local/lib/node_modules/bbb/node_modules/grunt-contrib/node_modules/stylus/node_modules/cssom/package.json
411 verbose from cache /usr/local/lib/node_modules/bbb/node_modules/grunt-contrib/node_modules/stylus/node_modules/mkdirp/package.json
412 verbose from cache /usr/local/lib/node_modules/bbb/node_modules/grunt-contrib/node_modules/stylus/node_modules/debug/package.json
413 verbose from cache /usr/local/lib/node_modules/bbb/node_modules/grunt/node_modules/connect/node_modules/qs/package.json
414 verbose from cache /usr/local/lib/node_modules/bbb/node_modules/grunt/node_modules/connect/node_modules/formidable/package.json
415 verbose from cache /usr/local/lib/node_modules/bbb/node_modules/grunt/node_modules/connect/node_modules/crc/package.json
416 verbose from cache /usr/local/lib/node_modules/bbb/node_modules/grunt/node_modules/connect/node_modules/cookie/package.json
417 verbose from cache /usr/local/lib/node_modules/bbb/node_modules/grunt/node_modules/connect/node_modules/bytes/package.json
418 verbose from cache /usr/local/lib/node_modules/bbb/node_modules/grunt/node_modules/connect/node_modules/send/package.json
419 verbose from cache /usr/local/lib/node_modules/bbb/node_modules/grunt/node_modules/connect/node_modules/fresh/package.json
420 verbose from cache /usr/local/lib/node_modules/bbb/node_modules/grunt/node_modules/connect/node_modules/pause/package.json
421 verbose from cache /usr/local/lib/node_modules/bbb/node_modules/grunt/node_modules/connect/node_modules/debug/package.json
422 verbose read json /usr/local/lib/node_modules/bbb/node_modules/grunt-contrib/node_modules/fstream/node_modules/rimraf/package.json
423 verbose from cache /usr/local/lib/node_modules/bbb/node_modules/grunt-contrib/node_modules/fstream/node_modules/mkdirp/package.json
424 verbose from cache /usr/local/lib/node_modules/bbb/node_modules/grunt-contrib/node_modules/fstream/node_modules/graceful-fs/package.json
425 verbose from cache /usr/local/lib/node_modules/bbb/node_modules/grunt-contrib/node_modules/fstream/node_modules/inherits/package.json
426 verbose from cache /usr/local/lib/node_modules/npm/node_modules/fstream-npm/node_modules/fstream-ignore/package.json
427 verbose read json /usr/local/lib/node_modules/npm/node_modules/fstream-npm/node_modules/inherits/package.json
428 verbose from cache /usr/local/lib/node_modules/bbb/node_modules/grunt-contrib/node_modules/jade/node_modules/commander/package.json
429 verbose from cache /usr/local/lib/node_modules/bbb/node_modules/grunt-contrib/node_modules/jade/node_modules/mkdirp/package.json
430 verbose from cache /usr/local/lib/node_modules/bbb/node_modules/grunt-contrib/node_modules/tar/node_modules/inherits/package.json
431 verbose from cache /usr/local/lib/node_modules/bbb/node_modules/grunt-contrib/node_modules/tar/node_modules/block-stream/package.json
432 verbose read json /usr/local/lib/node_modules/bbb/node_modules/grunt-contrib/node_modules/tar/node_modules/fstream/package.json
433 verbose from cache /usr/local/lib/node_modules/bbb/node_modules/grunt-contrib/node_modules/clean-css/node_modules/optimist/package.json
434 verbose from cache /usr/local/lib/node_modules/bbb/node_modules/grunt-contrib/node_modules/yuidocjs/node_modules/yui/package.json
435 verbose read json /usr/local/lib/node_modules/bbb/node_modules/grunt-contrib/node_modules/yuidocjs/node_modules/rimraf/package.json
436 verbose from cache /usr/local/lib/node_modules/bbb/node_modules/grunt-contrib/node_modules/yuidocjs/node_modules/node-markdown/package.json
437 verbose from cache /usr/local/lib/node_modules/bbb/node_modules/grunt-contrib/node_modules/yuidocjs/node_modules/minimatch/package.json
438 verbose from cache /usr/local/lib/node_modules/bbb/node_modules/grunt-contrib/node_modules/yuidocjs/node_modules/graceful-fs/package.json
439 verbose read json /usr/local/lib/node_modules/bbb/node_modules/grunt-contrib/node_modules/yuidocjs/node_modules/express/package.json
440 verbose read json /usr/local/lib/node_modules/bbb/node_modules/express/node_modules/connect/node_modules/qs/package.json
441 verbose read json /usr/local/lib/node_modules/bbb/node_modules/express/node_modules/connect/node_modules/mime/package.json
442 verbose from cache /usr/local/lib/node_modules/bbb/node_modules/express/node_modules/connect/node_modules/formidable/package.json
443 verbose read json /usr/local/lib/node_modules/bbb/node_modules/grunt/node_modules/glob-whatev/node_modules/minimatch/node_modules/lru-cache/package.json
444 verbose read json /usr/local/lib/node_modules/bbb/node_modules/grunt/node_modules/jshint/node_modules/minimatch/node_modules/lru-cache/package.json
445 verbose read json /usr/local/lib/node_modules/bbb/node_modules/grunt/node_modules/prompt/node_modules/winston/node_modules/eyes/package.json
446 verbose read json /usr/local/lib/node_modules/bbb/node_modules/grunt/node_modules/prompt/node_modules/winston/node_modules/loggly/package.json
447 verbose read json /usr/local/lib/node_modules/bbb/node_modules/grunt/node_modules/prompt/node_modules/winston/node_modules/stack-trace/package.json
448 verbose read json /usr/local/lib/node_modules/npm/node_modules/fstream-npm/node_modules/fstream-ignore/node_modules/minimatch/package.json
449 verbose read json /usr/local/lib/node_modules/npm/node_modules/fstream-npm/node_modules/fstream-ignore/node_modules/fstream/package.json
450 verbose read json /usr/local/lib/node_modules/npm/node_modules/fstream-npm/node_modules/fstream-ignore/node_modules/inherits/package.json
451 verbose read json /usr/local/lib/node_modules/bbb/node_modules/grunt/node_modules/nodeunit/node_modules/tap/node_modules/.bin/package.json
452 verbose read json /usr/local/lib/node_modules/bbb/node_modules/grunt/node_modules/nodeunit/node_modules/tap/node_modules/buffer-equal/package.json
453 verbose read json /usr/local/lib/node_modules/bbb/node_modules/grunt/node_modules/nodeunit/node_modules/tap/node_modules/deep-equal/package.json
454 verbose read json /usr/local/lib/node_modules/bbb/node_modules/grunt/node_modules/nodeunit/node_modules/tap/node_modules/difflet/package.json
455 verbose read json /usr/local/lib/node_modules/bbb/node_modules/grunt/node_modules/nodeunit/node_modules/tap/node_modules/inherits/package.json
456 verbose read json /usr/local/lib/node_modules/bbb/node_modules/grunt/node_modules/nodeunit/node_modules/tap/node_modules/mkdirp/package.json
457 verbose read json /usr/local/lib/node_modules/bbb/node_modules/grunt/node_modules/nodeunit/node_modules/tap/node_modules/nopt/package.json
458 verbose read json /usr/local/lib/node_modules/bbb/node_modules/grunt/node_modules/nodeunit/node_modules/tap/node_modules/runforcover/package.json
459 verbose read json /usr/local/lib/node_modules/bbb/node_modules/grunt/node_modules/nodeunit/node_modules/tap/node_modules/slide/package.json
460 verbose read json /usr/local/lib/node_modules/bbb/node_modules/grunt/node_modules/nodeunit/node_modules/tap/node_modules/yamlish/package.json
461 verbose from cache /usr/local/lib/node_modules/grunt/node_modules/jshint/node_modules/minimatch/node_modules/lru-cache/package.json
462 verbose from cache /usr/local/lib/node_modules/grunt/node_modules/glob-whatev/node_modules/minimatch/node_modules/lru-cache/package.json
463 verbose read json /usr/local/lib/node_modules/bbb/node_modules/grunt/node_modules/connect/node_modules/send/node_modules/mime/package.json
464 verbose read json /usr/local/lib/node_modules/bbb/node_modules/grunt/node_modules/connect/node_modules/send/node_modules/range-parser/package.json
465 verbose read json /usr/local/lib/node_modules/bbb/node_modules/grunt-contrib/node_modules/tar/node_modules/block-stream/node_modules/inherits/package.json
466 verbose from cache /usr/local/lib/node_modules/grunt/node_modules/jshint/node_modules/cli/node_modules/glob/package.json
467 verbose read json /usr/local/lib/node_modules/bbb/node_modules/grunt-contrib/node_modules/clean-css/node_modules/optimist/node_modules/wordwrap/package.json
468 verbose read json /usr/local/lib/node_modules/grunt/node_modules/prompt/node_modules/winston/node_modules/async/package.json
469 verbose read json /usr/local/lib/node_modules/grunt/node_modules/prompt/node_modules/winston/node_modules/colors/package.json
470 verbose from cache /usr/local/lib/node_modules/grunt/node_modules/prompt/node_modules/winston/node_modules/eyes/package.json
471 verbose from cache /usr/local/lib/node_modules/grunt/node_modules/prompt/node_modules/winston/node_modules/loggly/package.json
472 verbose read json /usr/local/lib/node_modules/grunt/node_modules/prompt/node_modules/winston/node_modules/pkginfo/package.json
473 verbose from cache /usr/local/lib/node_modules/grunt/node_modules/prompt/node_modules/winston/node_modules/stack-trace/package.json
474 verbose read json /usr/local/lib/node_modules/bbb/node_modules/grunt-contrib/node_modules/yuidocjs/node_modules/yui/node_modules/request/package.json
475 verbose read json /usr/local/lib/node_modules/bbb/node_modules/grunt-contrib/node_modules/yuidocjs/node_modules/minimatch/node_modules/lru-cache/package.json
476 verbose read json /usr/local/lib/node_modules/grunt/node_modules/jshint/node_modules/cli/node_modules/glob/node_modules/graceful-fs/package.json
477 verbose read json /usr/local/lib/node_modules/grunt/node_modules/jshint/node_modules/cli/node_modules/glob/node_modules/inherits/package.json
478 verbose read json /usr/local/lib/node_modules/grunt/node_modules/jshint/node_modules/cli/node_modules/glob/node_modules/minimatch/package.json
479 verbose read json /usr/local/lib/node_modules/grunt/node_modules/connect/node_modules/send/node_modules/debug/package.json
480 verbose from cache /usr/local/lib/node_modules/grunt/node_modules/connect/node_modules/send/node_modules/mime/package.json
481 verbose read json /usr/local/lib/node_modules/grunt/node_modules/connect/node_modules/send/node_modules/fresh/package.json
482 verbose from cache /usr/local/lib/node_modules/grunt/node_modules/connect/node_modules/send/node_modules/range-parser/package.json
483 verbose read json /usr/local/lib/node_modules/grunt/node_modules/prompt/node_modules/winston/node_modules/loggly/node_modules/request/package.json
484 verbose read json /usr/local/lib/node_modules/grunt/node_modules/prompt/node_modules/winston/node_modules/loggly/node_modules/timespan/package.json
485 verbose from cache /usr/local/lib/node_modules/grunt/node_modules/nodeunit/node_modules/tap/node_modules/inherits/package.json
486 verbose from cache /usr/local/lib/node_modules/grunt/node_modules/nodeunit/node_modules/tap/node_modules/yamlish/package.json
487 verbose from cache /usr/local/lib/node_modules/grunt/node_modules/nodeunit/node_modules/tap/node_modules/slide/package.json
488 verbose from cache /usr/local/lib/node_modules/grunt/node_modules/nodeunit/node_modules/tap/node_modules/runforcover/package.json
489 verbose from cache /usr/local/lib/node_modules/grunt/node_modules/nodeunit/node_modules/tap/node_modules/nopt/package.json
490 verbose from cache /usr/local/lib/node_modules/grunt/node_modules/nodeunit/node_modules/tap/node_modules/mkdirp/package.json
491 verbose from cache /usr/local/lib/node_modules/grunt/node_modules/nodeunit/node_modules/tap/node_modules/difflet/package.json
492 verbose from cache /usr/local/lib/node_modules/grunt/node_modules/nodeunit/node_modules/tap/node_modules/deep-equal/package.json
493 verbose from cache /usr/local/lib/node_modules/grunt/node_modules/nodeunit/node_modules/tap/node_modules/buffer-equal/package.json
494 verbose read json /usr/local/lib/node_modules/grunt/node_modules/nodeunit/node_modules/tap/node_modules/runforcover/node_modules/bunker/package.json
495 verbose read json /usr/local/lib/node_modules/grunt/node_modules/nodeunit/node_modules/tap/node_modules/nopt/node_modules/abbrev/package.json
496 verbose read json /usr/local/lib/node_modules/grunt/node_modules/nodeunit/node_modules/tap/node_modules/difflet/node_modules/charm/package.json
497 verbose read json /usr/local/lib/node_modules/grunt/node_modules/nodeunit/node_modules/tap/node_modules/difflet/node_modules/traverse/package.json
498 verbose from cache /usr/local/lib/node_modules/bbb/node_modules/grunt/node_modules/jshint/node_modules/minimatch/node_modules/lru-cache/package.json
499 verbose from cache /usr/local/lib/node_modules/bbb/node_modules/grunt/node_modules/glob-whatev/node_modules/minimatch/node_modules/lru-cache/package.json
500 verbose read json /usr/local/lib/node_modules/bbb/node_modules/grunt/node_modules/prompt/node_modules/winston/node_modules/async/package.json
501 verbose read json /usr/local/lib/node_modules/bbb/node_modules/grunt/node_modules/prompt/node_modules/winston/node_modules/colors/package.json
502 verbose from cache /usr/local/lib/node_modules/bbb/node_modules/grunt/node_modules/prompt/node_modules/winston/node_modules/eyes/package.json
503 verbose from cache /usr/local/lib/node_modules/bbb/node_modules/grunt/node_modules/prompt/node_modules/winston/node_modules/loggly/package.json
504 verbose read json /usr/local/lib/node_modules/bbb/node_modules/grunt/node_modules/prompt/node_modules/winston/node_modules/pkginfo/package.json
505 verbose from cache /usr/local/lib/node_modules/bbb/node_modules/grunt/node_modules/prompt/node_modules/winston/node_modules/stack-trace/package.json
506 verbose from cache /usr/local/lib/node_modules/bbb/node_modules/grunt/node_modules/nodeunit/node_modules/tap/node_modules/inherits/package.json
507 verbose from cache /usr/local/lib/node_modules/bbb/node_modules/grunt/node_modules/nodeunit/node_modules/tap/node_modules/yamlish/package.json
508 verbose from cache /usr/local/lib/node_modules/bbb/node_modules/grunt/node_modules/nodeunit/node_modules/tap/node_modules/slide/package.json
509 verbose from cache /usr/local/lib/node_modules/bbb/node_modules/grunt/node_modules/nodeunit/node_modules/tap/node_modules/runforcover/package.json
510 verbose from cache /usr/local/lib/node_modules/bbb/node_modules/grunt/node_modules/nodeunit/node_modules/tap/node_modules/nopt/package.json
511 verbose from cache /usr/local/lib/node_modules/bbb/node_modules/grunt/node_modules/nodeunit/node_modules/tap/node_modules/mkdirp/package.json
512 verbose from cache /usr/local/lib/node_modules/bbb/node_modules/grunt/node_modules/nodeunit/node_modules/tap/node_modules/difflet/package.json
513 verbose from cache /usr/local/lib/node_modules/bbb/node_modules/grunt/node_modules/nodeunit/node_modules/tap/node_modules/deep-equal/package.json
514 verbose from cache /usr/local/lib/node_modules/bbb/node_modules/grunt/node_modules/nodeunit/node_modules/tap/node_modules/buffer-equal/package.json
515 verbose from cache /usr/local/lib/node_modules/bbb/node_modules/grunt-contrib/node_modules/clean-css/node_modules/optimist/node_modules/wordwrap/package.json
516 verbose read json /usr/local/lib/node_modules/bbb/node_modules/grunt/node_modules/connect/node_modules/send/node_modules/debug/package.json
517 verbose from cache /usr/local/lib/node_modules/bbb/node_modules/grunt/node_modules/connect/node_modules/send/node_modules/mime/package.json
518 verbose read json /usr/local/lib/node_modules/bbb/node_modules/grunt/node_modules/connect/node_modules/send/node_modules/fresh/package.json
519 verbose from cache /usr/local/lib/node_modules/bbb/node_modules/grunt/node_modules/connect/node_modules/send/node_modules/range-parser/package.json
520 verbose from cache /usr/local/lib/node_modules/bbb/node_modules/grunt-contrib/node_modules/yuidocjs/node_modules/minimatch/node_modules/lru-cache/package.json
521 verbose read json /usr/local/lib/node_modules/bbb/node_modules/grunt/node_modules/prompt/node_modules/winston/node_modules/loggly/node_modules/request/package.json
522 verbose read json /usr/local/lib/node_modules/bbb/node_modules/grunt/node_modules/prompt/node_modules/winston/node_modules/loggly/node_modules/timespan/package.json
523 silly addNameRange number 2 { name: 'yeoman', range: '', hasData: true }
524 silly addNameRange versions [ 'yeoman',
524 silly addNameRange   [ '0.0.1',
524 silly addNameRange     '0.7.0',
524 silly addNameRange     '0.7.1',
524 silly addNameRange     '0.7.2',
524 silly addNameRange     '0.7.3',
524 silly addNameRange     '0.9.0',
524 silly addNameRange     '0.9.1',
524 silly addNameRange     '0.9.2',
524 silly addNameRange     '0.9.3',
524 silly addNameRange     '0.9.4',
524 silly addNameRange     '0.9.5' ] ]
525 verbose addNamed [ 'yeoman', '0.9.5' ]
526 verbose addNamed [ '0.9.5', '0.9.5' ]
527 verbose lock yeoman@0.9.5 /Users/henrik/.npm/b354432d2a75e2ffa381faa8b847955769977c42-yeoman-0-9-5.lock
528 verbose from cache /usr/local/lib/node_modules/bbb/node_modules/grunt-contrib/node_modules/yuidocjs/node_modules/yui/node_modules/request/package.json
529 verbose read json /usr/local/lib/node_modules/bbb/node_modules/grunt/node_modules/nodeunit/node_modules/tap/node_modules/runforcover/node_modules/bunker/package.json
530 verbose read json /usr/local/lib/node_modules/bbb/node_modules/grunt/node_modules/nodeunit/node_modules/tap/node_modules/nopt/node_modules/abbrev/package.json
531 verbose read json /usr/local/lib/node_modules/bbb/node_modules/grunt/node_modules/nodeunit/node_modules/tap/node_modules/difflet/node_modules/charm/package.json
532 verbose read json /usr/local/lib/node_modules/bbb/node_modules/grunt/node_modules/nodeunit/node_modules/tap/node_modules/difflet/node_modules/traverse/package.json
533 verbose from cache /usr/local/lib/node_modules/grunt/node_modules/jshint/node_modules/cli/node_modules/glob/node_modules/minimatch/package.json
534 verbose from cache /usr/local/lib/node_modules/grunt/node_modules/jshint/node_modules/cli/node_modules/glob/node_modules/graceful-fs/package.json
535 verbose from cache /usr/local/lib/node_modules/grunt/node_modules/jshint/node_modules/cli/node_modules/glob/node_modules/inherits/package.json
536 verbose from cache /usr/local/lib/node_modules/grunt/node_modules/nodeunit/node_modules/tap/node_modules/runforcover/node_modules/bunker/package.json
537 verbose from cache /usr/local/lib/node_modules/grunt/node_modules/nodeunit/node_modules/tap/node_modules/nopt/node_modules/abbrev/package.json
538 verbose from cache /usr/local/lib/node_modules/grunt/node_modules/prompt/node_modules/winston/node_modules/loggly/node_modules/request/package.json
539 verbose from cache /usr/local/lib/node_modules/grunt/node_modules/prompt/node_modules/winston/node_modules/loggly/node_modules/timespan/package.json
540 verbose from cache /usr/local/lib/node_modules/grunt/node_modules/nodeunit/node_modules/tap/node_modules/difflet/node_modules/traverse/package.json
541 verbose from cache /usr/local/lib/node_modules/grunt/node_modules/nodeunit/node_modules/tap/node_modules/difflet/node_modules/charm/package.json
542 verbose read json /usr/local/lib/node_modules/grunt/node_modules/nodeunit/node_modules/tap/node_modules/difflet/node_modules/deep-equal/package.json
543 verbose read json /Users/henrik/.npm/yeoman/0.9.5/package/package.json
544 verbose read json /usr/local/lib/node_modules/grunt/node_modules/nodeunit/node_modules/tap/node_modules/runforcover/node_modules/bunker/node_modules/burrito/package.json
545 verbose read json /usr/local/lib/node_modules/grunt/node_modules/jshint/node_modules/cli/node_modules/glob/node_modules/minimatch/node_modules/lru-cache/package.json
546 verbose from cache /usr/local/lib/node_modules/bbb/node_modules/grunt/node_modules/prompt/node_modules/winston/node_modules/loggly/node_modules/request/package.json
547 verbose from cache /usr/local/lib/node_modules/bbb/node_modules/grunt/node_modules/prompt/node_modules/winston/node_modules/loggly/node_modules/timespan/package.json
548 verbose from cache /usr/local/lib/node_modules/bbb/node_modules/grunt/node_modules/nodeunit/node_modules/tap/node_modules/runforcover/node_modules/bunker/package.json
549 verbose from cache /usr/local/lib/node_modules/bbb/node_modules/grunt/node_modules/nodeunit/node_modules/tap/node_modules/nopt/node_modules/abbrev/package.json
550 verbose from cache /usr/local/lib/node_modules/bbb/node_modules/grunt/node_modules/nodeunit/node_modules/tap/node_modules/difflet/node_modules/traverse/package.json
551 verbose from cache /usr/local/lib/node_modules/bbb/node_modules/grunt/node_modules/nodeunit/node_modules/tap/node_modules/difflet/node_modules/charm/package.json
552 verbose read json /usr/local/lib/node_modules/bbb/node_modules/grunt/node_modules/nodeunit/node_modules/tap/node_modules/difflet/node_modules/deep-equal/package.json
553 verbose from cache /usr/local/lib/node_modules/grunt/node_modules/nodeunit/node_modules/tap/node_modules/runforcover/node_modules/bunker/node_modules/burrito/package.json
554 verbose from cache /usr/local/lib/node_modules/grunt/node_modules/jshint/node_modules/cli/node_modules/glob/node_modules/minimatch/node_modules/lru-cache/package.json
555 verbose read json /usr/local/lib/node_modules/grunt/node_modules/nodeunit/node_modules/tap/node_modules/runforcover/node_modules/bunker/node_modules/burrito/node_modules/.bin/package.json
556 verbose read json /usr/local/lib/node_modules/grunt/node_modules/nodeunit/node_modules/tap/node_modules/runforcover/node_modules/bunker/node_modules/burrito/node_modules/traverse/package.json
557 verbose read json /usr/local/lib/node_modules/grunt/node_modules/nodeunit/node_modules/tap/node_modules/runforcover/node_modules/bunker/node_modules/burrito/node_modules/uglify-js/package.json
558 verbose read json /usr/local/lib/node_modules/bbb/node_modules/grunt/node_modules/nodeunit/node_modules/tap/node_modules/runforcover/node_modules/bunker/node_modules/burrito/package.json
559 verbose from cache /usr/local/lib/node_modules/bbb/node_modules/grunt/node_modules/nodeunit/node_modules/tap/node_modules/runforcover/node_modules/bunker/node_modules/burrito/package.json
560 verbose from cache /usr/local/lib/node_modules/grunt/node_modules/nodeunit/node_modules/tap/node_modules/runforcover/node_modules/bunker/node_modules/burrito/node_modules/traverse/package.json
561 verbose from cache /usr/local/lib/node_modules/grunt/node_modules/nodeunit/node_modules/tap/node_modules/runforcover/node_modules/bunker/node_modules/burrito/node_modules/uglify-js/package.json
562 verbose read json /usr/local/lib/node_modules/bbb/node_modules/grunt/node_modules/nodeunit/node_modules/tap/node_modules/runforcover/node_modules/bunker/node_modules/burrito/node_modules/.bin/package.json
563 verbose read json /usr/local/lib/node_modules/bbb/node_modules/grunt/node_modules/nodeunit/node_modules/tap/node_modules/runforcover/node_modules/bunker/node_modules/burrito/node_modules/traverse/package.json
564 verbose read json /usr/local/lib/node_modules/bbb/node_modules/grunt/node_modules/nodeunit/node_modules/tap/node_modules/runforcover/node_modules/bunker/node_modules/burrito/node_modules/uglify-js/package.json
565 verbose from cache /usr/local/lib/node_modules/bbb/node_modules/grunt/node_modules/nodeunit/node_modules/tap/node_modules/runforcover/node_modules/bunker/node_modules/burrito/node_modules/traverse/package.json
566 verbose from cache /usr/local/lib/node_modules/bbb/node_modules/grunt/node_modules/nodeunit/node_modules/tap/node_modules/runforcover/node_modules/bunker/node_modules/burrito/node_modules/uglify-js/package.json
567 info outdated updating [ [ '/usr/local/lib', 'yeoman', '0.9.4', '0.9.5' ] ]
568 verbose install where,what [ '/usr/local/lib', [ 'yeoman@0.9.5' ] ]
569 verbose read json /usr/local/lib/package.json
570 verbose read json /usr/local/lib/package.json
571 verbose cache add [ 'yeoman@0.9.5', null ]
572 silly cache add name=undefined spec="yeoman@0.9.5" args=["yeoman@0.9.5",null]
573 verbose parsed url { pathname: 'yeoman@0.9.5',
573 verbose parsed url   path: 'yeoman@0.9.5',
573 verbose parsed url   href: 'yeoman@0.9.5' }
574 silly cache add name="yeoman" spec="0.9.5" args=["yeoman","0.9.5"]
575 verbose parsed url { pathname: '0.9.5', path: '0.9.5', href: '0.9.5' }
576 verbose addNamed [ 'yeoman', '0.9.5' ]
577 verbose addNamed [ '0.9.5', '0.9.5' ]
578 verbose lock yeoman@0.9.5 /Users/henrik/.npm/b354432d2a75e2ffa381faa8b847955769977c42-yeoman-0-9-5.lock
579 verbose url raw yeoman/0.9.5
580 verbose url resolving [ 'https://registry.npmjs.org/', './yeoman/0.9.5' ]
581 verbose url resolved https://registry.npmjs.org/yeoman/0.9.5
582 info retry registry request attempt 1 at 12:32:47
583 verbose etag "EAF54JRM4KDBWI5HR2486H3MF"
584 http GET https://registry.npmjs.org/yeoman/0.9.5
585 http 304 https://registry.npmjs.org/yeoman/0.9.5
586 silly registry.get cb [ 304,
586 silly registry.get   { server: 'CouchDB/1.2.0 (Erlang OTP/R15B)',
586 silly registry.get     etag: '"EAF54JRM4KDBWI5HR2486H3MF"',
586 silly registry.get     date: 'Sun, 18 Nov 2012 12:32:19 GMT',
586 silly registry.get     'content-length': '0' } ]
587 verbose etag yeoman/0.9.5 from cache
588 verbose from cache /Users/henrik/.npm/yeoman/0.9.5/package/package.json
589 silly resolved [ { name: 'yeoman',
589 silly resolved     version: '0.9.5',
589 silly resolved     description: 'The Yeoman CLI presents a command line interface for creating, building, maintaining, and shipping a project.',
589 silly resolved     keywords:
589 silly resolved      [ 'front-end',
589 silly resolved        'development',
589 silly resolved        'dev',
589 silly resolved        'build',
589 silly resolved        'web',
589 silly resolved        'tool',
589 silly resolved        'cli',
589 silly resolved        'scaffold',
589 silly resolved        'stack' ],
589 silly resolved     homepage: 'http://yeoman.io',
589 silly resolved     bugs: 'https://github.com/yeoman/yeoman/issues',
589 silly resolved     author: { name: 'Chrome Developer Relations' },
589 silly resolved     main: './yeoman',
589 silly resolved     bin:
589 silly resolved      { yeoman: './bin/yeoman',
589 silly resolved        _yeomaninsight: './bin/yeomaninsight.py' },
589 silly resolved     directories: { man: './man' },
589 silly resolved     repository: { type: 'git', url: 'git://github.com/yeoman/yeoman.git' },
589 silly resolved     scripts:
589 silly resolved      { test: 'node node_modules/mocha/bin/mocha test/test-*.js',
589 silly resolved        manpages: './scripts/docs-build' },
589 silly resolved     dependencies:
589 silly resolved      { grunt: 'http://github.com/cowboy/grunt/archive/0ba6d4b529.tar.gz',
589 silly resolved        'yeoman-generators': 'http://github.com/yeoman/generators/archive/0.9.5.tar.gz',
589 silly resolved        bower: '~0.3.0',
589 silly resolved        open: '0.0.2',
589 silly resolved        rimraf: '~2.0.1',
589 silly resolved        mkdirp: '~0.3.1',
589 silly resolved        requirejs: '~2.0.2',
589 silly resolved        'clean-css': '~0.3.2',
589 silly resolved        connect: '~2.2.1',
589 silly resolved        request: '~2.9.200',
589 silly resolved        'html-minifier': '~0.4.5',
589 silly resolved        which: '~1.0.5',
589 silly resolved        cheerio: '~0.9.2',
589 silly resolved        fstream: '~0.1.18',
589 silly resolved        'fstream-ignore': '0.0.5',
589 silly resolved        tar: '~0.1.13',
589 silly resolved        'coffee-script': '~1.3.3',
589 silly resolved        'grunt-jasmine-task': '~0.2.2',
589 silly resolved        'faye-websocket': '~0.4.2',
589 silly resolved        shelljs: '~0.0.6',
589 silly resolved        prompt: '~0.1.12',
589 silly resolved        colors: '~0.6.0',
589 silly resolved        'grunt-mocha': '~0.1.3',
589 silly resolved        'es6-collections': '>=0.2.0',
589 silly resolved        'grunt-contrib-coffee': '~0.3.1' },
589 silly resolved     devDependencies: { mocha: '~1.4.0', ronn: '~0.3.8' },
589 silly resolved     engines: { node: '>=0.8.0' },
589 silly resolved     man:
589 silly resolved      [ '/Sites/henrik/whitburn/man/bower.1',
589 silly resolved        '/Sites/henrik/whitburn/man/build.1',
589 silly resolved        '/Sites/henrik/whitburn/man/faq.1',
589 silly resolved        '/Sites/henrik/whitburn/man/folders.1',
589 silly resolved        '/Sites/henrik/whitburn/man/gruntfile.1',
589 silly resolved        '/Sites/henrik/whitburn/man/init.1',
589 silly resolved        '/Sites/henrik/whitburn/man/insight.1',
589 silly resolved        '/Sites/henrik/whitburn/man/serve.1',
589 silly resolved        '/Sites/henrik/whitburn/man/server.1',
589 silly resolved        '/Sites/henrik/whitburn/man/test.1',
589 silly resolved        '/Sites/henrik/whitburn/man/yeoman.1' ],
589 silly resolved     _id: 'yeoman@0.9.5',
589 silly resolved     _from: 'yeoman@0.9.5' } ]
590 info install yeoman@0.9.5 into /usr/local/lib
591 info installOne yeoman@0.9.5
592 verbose from cache /Users/henrik/.npm/yeoman/0.9.5/package/package.json
593 info /usr/local/lib/node_modules/yeoman unbuild
594 verbose from cache /usr/local/lib/node_modules/yeoman/package.json
595 info preuninstall yeoman@0.9.4
596 info uninstall yeoman@0.9.4
597 verbose true,/usr/local/lib/node_modules,/usr/local/lib/node_modules unbuild yeoman@0.9.4
598 verbose /usr/local/bin,[object Object] binRoot
599 info /usr/local/lib/node_modules/yeoman unbuild
600 verbose from cache /usr/local/lib/node_modules/yeoman/package.json
601 info preuninstall yeoman@0.9.4
602 info uninstall yeoman@0.9.4
603 verbose true,/usr/local/lib/node_modules,/usr/local/lib/node_modules unbuild yeoman@0.9.4
604 verbose /usr/local/bin,[object Object] binRoot
605 error error rolling back Error: EPERM, chmod '/usr/local/bin/yeoman'
605 error error rolling back  yeoman@0.9.5 { [Error: EPERM, chmod '/usr/local/bin/yeoman'] errno: 50, code: 'EPERM', path: '/usr/local/bin/yeoman' }
606 error Error: EPERM, chmod '/usr/local/bin/yeoman'
606 error  { [Error: EPERM, chmod '/usr/local/bin/yeoman'] errno: 50, code: 'EPERM', path: '/usr/local/bin/yeoman' }
607 error Please try running this command again as root/Administrator.
608 error System Darwin 11.4.2
609 error command "node" "/usr/local/bin/npm" "update" "-g" "yeoman"
610 error cwd /Sites/henrik/whitburn
611 error node -v v0.8.1
612 error npm -v 1.1.33
613 error path /usr/local/bin/yeoman
614 error code EPERM
615 error message EPERM, chmod '/usr/local/bin/yeoman'
616 error errno 50
617 error 50 errno
618 verbose exit [ 50, true ]
